                      (          fbios.s):00001         * 6809 assembly program generated by cmoc 0.1.90
                      (          fbios.s):00002         
                      (          fbios.s):00003         
                      (          fbios.s):00004                 SECTION code
                      (          fbios.s):00005         
                      (          fbios.s):00006         
                      (          fbios.s):00007         _getCharNoEcho  EXPORT
                      (          fbios.s):00008         
                      (          fbios.s):00009         
                      (          fbios.s):00010         *******************************************************************************
                      (          fbios.s):00011         
                      (          fbios.s):00012         * FUNCTION getCharNoEcho(): defined at fbios.c:53
     0000             (          fbios.s):00013         _getCharNoEcho  EQU     *
                      (          fbios.s):00014         * Prototype: char getCharNoEcho(void)
                      (          fbios.s):00015         * Assembly-only function.
                      (          fbios.s):00016         * Line fbios.c:54: inline assembly
                      (          fbios.s):00017         * Inline assembly:
                      (          fbios.s):00018         
                      (          fbios.s):00019         
0000 AD9FD3E5         (          fbios.s):00020                     JSR [0xD3E5]
0004 1F89             (          fbios.s):00021                     TFR A,B
                      (          fbios.s):00022             
                      (          fbios.s):00023         
                      (          fbios.s):00024         * End of inline assembly.
                      (          fbios.s):00025         * Useless label L00001 removed
0006 39               (          fbios.s):00026                 RTS
                      (          fbios.s):00027         * END FUNCTION getCharNoEcho(): defined at fbios.c:53
     0007             (          fbios.s):00028         funcend_getCharNoEcho   EQU *
     0007             (          fbios.s):00029         funcsize_getCharNoEcho  EQU     funcend_getCharNoEcho-_getCharNoEcho
                      (          fbios.s):00030         _getChar        EXPORT
                      (          fbios.s):00031         
                      (          fbios.s):00032         
                      (          fbios.s):00033         *******************************************************************************
                      (          fbios.s):00034         
                      (          fbios.s):00035         * FUNCTION getChar(): defined at fbios.c:61
     0007             (          fbios.s):00036         _getChar        EQU     *
                      (          fbios.s):00037         * Prototype: char getChar(void)
                      (          fbios.s):00038         * Assembly-only function.
                      (          fbios.s):00039         * Line fbios.c:62: inline assembly
                      (          fbios.s):00040         * Inline assembly:
                      (          fbios.s):00041         
                      (          fbios.s):00042         
0007 AD9FD3FB         (          fbios.s):00043                     JSR [0xD3FB]
000B 1F89             (          fbios.s):00044                     TFR A,B
                      (          fbios.s):00045             
                      (          fbios.s):00046         
                      (          fbios.s):00047         * End of inline assembly.
                      (          fbios.s):00048         * Useless label L00002 removed
000D 39               (          fbios.s):00049                 RTS
                      (          fbios.s):00050         * END FUNCTION getChar(): defined at fbios.c:61
     000E             (          fbios.s):00051         funcend_getChar EQU *
     0007             (          fbios.s):00052         funcsize_getChar        EQU     funcend_getChar-_getChar
                      (          fbios.s):00053         _getTerminalState       EXPORT
                      (          fbios.s):00054         
                      (          fbios.s):00055         
                      (          fbios.s):00056         *******************************************************************************
                      (          fbios.s):00057         
                      (          fbios.s):00058         * FUNCTION getTerminalState(): defined at fbios.c:69
     000E             (          fbios.s):00059         _getTerminalState       EQU     *
                      (          fbios.s):00060         * Prototype: char getTerminalState(void)
                      (          fbios.s):00061         * Assembly-only function.
                      (          fbios.s):00062         * Line fbios.c:70: inline assembly
                      (          fbios.s):00063         * Inline assembly:
                      (          fbios.s):00064         
                      (          fbios.s):00065         
000E 5F               (          fbios.s):00066                     CLRB ; asume there is no character waiting 'false'
000F AD9FD3F7         (          fbios.s):00067                     JSR [0xD3F7] ; call the status routine
0013 2701             (          fbios.s):00068                     BEQ ENDSTATE ; if no character is waiting, branch to endstate
0015 5C               (          fbios.s):00069                     INCB ; character wating set to 'true'
0016                  (          fbios.s):00070                 ENDSTATE:
                      (          fbios.s):00071             
                      (          fbios.s):00072         
                      (          fbios.s):00073         * End of inline assembly.
                      (          fbios.s):00074         * Useless label L00003 removed
0016 39               (          fbios.s):00075                 RTS
                      (          fbios.s):00076         * END FUNCTION getTerminalState(): defined at fbios.c:69
     0017             (          fbios.s):00077         funcend_getTerminalState        EQU *
     0009             (          fbios.s):00078         funcsize_getTerminalState       EQU     funcend_getTerminalState-_getTerminalState
                      (          fbios.s):00079         _outChar        EXPORT
                      (          fbios.s):00080         
                      (          fbios.s):00081         
                      (          fbios.s):00082         *******************************************************************************
                      (          fbios.s):00083         
                      (          fbios.s):00084         * FUNCTION outChar(): defined at fbios.c:84
     0017             (          fbios.s):00085         _outChar        EQU     *
                      (          fbios.s):00086         * Prototype: void outChar(char)
                      (          fbios.s):00087         * Assembly-only function.
                      (          fbios.s):00088         * Line fbios.c:85: inline assembly
                      (          fbios.s):00089         * Inline assembly:
                      (          fbios.s):00090         
                      (          fbios.s):00091         
0017 A663             (          fbios.s):00092                     LDA 3,S ; load the character to output into A.
0019 AD9FD3F9         (          fbios.s):00093                     JSR [0xD3F9] ; call the output character routine
                      (          fbios.s):00094             
                      (          fbios.s):00095         
                      (          fbios.s):00096         * End of inline assembly.
                      (          fbios.s):00097         * Useless label L00004 removed
001D 39               (          fbios.s):00098                 RTS
                      (          fbios.s):00099         * END FUNCTION outChar(): defined at fbios.c:84
     001E             (          fbios.s):00100         funcend_outChar EQU *
     0007             (          fbios.s):00101         funcsize_outChar        EQU     funcend_outChar-_outChar
                      (          fbios.s):00102         _exitMON        EXPORT
                      (          fbios.s):00103         
                      (          fbios.s):00104         
                      (          fbios.s):00105         *******************************************************************************
                      (          fbios.s):00106         
                      (          fbios.s):00107         * FUNCTION exitMON(): defined at fbios.c:94
     001E             (          fbios.s):00108         _exitMON        EQU     *
                      (          fbios.s):00109         * Prototype: void exitMON(void)
                      (          fbios.s):00110         * Assembly-only function.
                      (          fbios.s):00111         * Line fbios.c:95: inline assembly
                      (          fbios.s):00112         * Inline assembly:
                      (          fbios.s):00113         
                      (          fbios.s):00114         
001E 6E9FD3F3         (          fbios.s):00115                     JMP [0xD3F3] ; jump to the monitor address
                      (          fbios.s):00116             
                      (          fbios.s):00117         
                      (          fbios.s):00118         * End of inline assembly.
                      (          fbios.s):00119         * Useless label L00005 removed
0022 39               (          fbios.s):00120                 RTS
                      (          fbios.s):00121         * END FUNCTION exitMON(): defined at fbios.c:94
     0023             (          fbios.s):00122         funcend_exitMON EQU *
     0005             (          fbios.s):00123         funcsize_exitMON        EQU     funcend_exitMON-_exitMON
                      (          fbios.s):00124         _exitFLEX       EXPORT
                      (          fbios.s):00125         
                      (          fbios.s):00126         
                      (          fbios.s):00127         *******************************************************************************
                      (          fbios.s):00128         
                      (          fbios.s):00129         * FUNCTION exitFLEX(): defined at fbios.c:101
     0023             (          fbios.s):00130         _exitFLEX       EQU     *
                      (          fbios.s):00131         * Prototype: void exitFLEX(void)
                      (          fbios.s):00132         * Assembly-only function.
                      (          fbios.s):00133         * Line fbios.c:102: inline assembly
                      (          fbios.s):00134         * Inline assembly:
                      (          fbios.s):00135         
                      (          fbios.s):00136         
0023 7ECD03           (          fbios.s):00137                    JMP 0xCD03 ; jump to the flex reset address
                      (          fbios.s):00138             
                      (          fbios.s):00139         
                      (          fbios.s):00140         * End of inline assembly.
                      (          fbios.s):00141         * Useless label L00006 removed
0026 39               (          fbios.s):00142                 RTS
                      (          fbios.s):00143         * END FUNCTION exitFLEX(): defined at fbios.c:101
     0027             (          fbios.s):00144         funcend_exitFLEX        EQU *
     0004             (          fbios.s):00145         funcsize_exitFLEX       EQU     funcend_exitFLEX-_exitFLEX
                      (          fbios.s):00146         _readSector     EXPORT
                      (          fbios.s):00147         
                      (          fbios.s):00148         
                      (          fbios.s):00149         *******************************************************************************
                      (          fbios.s):00150         
                      (          fbios.s):00151         * FUNCTION readSector(): defined at fbios.c:113
     0027             (          fbios.s):00152         _readSector     EQU     *
                      (          fbios.s):00153         * Prototype: unsigned char readSector(unsigned char, unsigned char, void *)
                      (          fbios.s):00154         * Assembly-only function.
                      (          fbios.s):00155         * Line fbios.c:114: inline assembly
                      (          fbios.s):00156         * Inline assembly:
                      (          fbios.s):00157         
                      (          fbios.s):00158         
0027 A663             (          fbios.s):00159                    LDA 3,S ; load the track number
0029 E665             (          fbios.s):00160                    LDB 5,S ; load the sector number
002B AE66             (          fbios.s):00161                    LDX 6,S ; load the buffer address
002D BDDE00           (          fbios.s):00162                    JSR 0xDE00 ; call the read routine
                      (          fbios.s):00163         
                      (          fbios.s):00164                    ;; error code is already in B, which is conviently the return value location
                      (          fbios.s):00165         
                      (          fbios.s):00166             
                      (          fbios.s):00167         
                      (          fbios.s):00168         * End of inline assembly.
                      (          fbios.s):00169         * Useless label L00007 removed
0030 39               (          fbios.s):00170                 RTS
                      (          fbios.s):00171         * END FUNCTION readSector(): defined at fbios.c:113
     0031             (          fbios.s):00172         funcend_readSector      EQU *
     000A             (          fbios.s):00173         funcsize_readSector     EQU     funcend_readSector-_readSector
                      (          fbios.s):00174         _writeSector    EXPORT
                      (          fbios.s):00175         
                      (          fbios.s):00176         
                      (          fbios.s):00177         *******************************************************************************
                      (          fbios.s):00178         
                      (          fbios.s):00179         * FUNCTION writeSector(): defined at fbios.c:128
     0031             (          fbios.s):00180         _writeSector    EQU     *
                      (          fbios.s):00181         * Prototype: unsigned char writeSector(unsigned char, unsigned char, void *)
                      (          fbios.s):00182         * Assembly-only function.
                      (          fbios.s):00183         * Line fbios.c:129: inline assembly
                      (          fbios.s):00184         * Inline assembly:
                      (          fbios.s):00185         
                      (          fbios.s):00186         
0031 A663             (          fbios.s):00187                    LDA 3,S ; load the track number
0033 E665             (          fbios.s):00188                    LDB 5,S ; load the sector number
0035 AE66             (          fbios.s):00189                    LDX 6,S ; load the buffer address
0037 BDDE03           (          fbios.s):00190                    JSR 0xDE03 ; call the write routine
                      (          fbios.s):00191         
                      (          fbios.s):00192                    ;; error code is already in B, which is conviently the return value location
                      (          fbios.s):00193             
                      (          fbios.s):00194         
                      (          fbios.s):00195         * End of inline assembly.
                      (          fbios.s):00196         * Useless label L00008 removed
003A 39               (          fbios.s):00197                 RTS
                      (          fbios.s):00198         * END FUNCTION writeSector(): defined at fbios.c:128
     003B             (          fbios.s):00199         funcend_writeSector     EQU *
     000A             (          fbios.s):00200         funcsize_writeSector    EQU     funcend_writeSector-_writeSector
                      (          fbios.s):00201         _verifySector   EXPORT
                      (          fbios.s):00202         
                      (          fbios.s):00203         
                      (          fbios.s):00204         *******************************************************************************
                      (          fbios.s):00205         
                      (          fbios.s):00206         * FUNCTION verifySector(): defined at fbios.c:142
     003B             (          fbios.s):00207         _verifySector   EQU     *
                      (          fbios.s):00208         * Prototype: unsigned char verifySector(void)
                      (          fbios.s):00209         * Assembly-only function.
                      (          fbios.s):00210         * Line fbios.c:143: inline assembly
                      (          fbios.s):00211         * Inline assembly:
                      (          fbios.s):00212         
                      (          fbios.s):00213         
003B BDDE06           (          fbios.s):00214                     JSR 0xDE06 ; call the verify routine
                      (          fbios.s):00215         
                      (          fbios.s):00216                     ;; error code is already in B, which is conviently the return value location
                      (          fbios.s):00217         
                      (          fbios.s):00218             
                      (          fbios.s):00219         
                      (          fbios.s):00220         * End of inline assembly.
                      (          fbios.s):00221         * Useless label L00009 removed
003E 39               (          fbios.s):00222                 RTS
                      (          fbios.s):00223         * END FUNCTION verifySector(): defined at fbios.c:142
     003F             (          fbios.s):00224         funcend_verifySector    EQU *
     0004             (          fbios.s):00225         funcsize_verifySector   EQU     funcend_verifySector-_verifySector
                      (          fbios.s):00226         _rtzDrive       EXPORT
                      (          fbios.s):00227         
                      (          fbios.s):00228         
                      (          fbios.s):00229         *******************************************************************************
                      (          fbios.s):00230         
                      (          fbios.s):00231         * FUNCTION rtzDrive(): defined at fbios.c:156
     003F             (          fbios.s):00232         _rtzDrive       EQU     *
                      (          fbios.s):00233         * Prototype: unsigned char rtzDrive(void *)
                      (          fbios.s):00234         * Assembly-only function.
                      (          fbios.s):00235         * Line fbios.c:158: inline assembly
                      (          fbios.s):00236         * Inline assembly:
                      (          fbios.s):00237         
                      (          fbios.s):00238         
003F AE62             (          fbios.s):00239                     LDX 2,S ; load the drive address
0041 BDDE09           (          fbios.s):00240                     JSR 0xDE09 ; call the restore routine
                      (          fbios.s):00241         
                      (          fbios.s):00242                     ;; error code is already in B, which is conviently the return value location
                      (          fbios.s):00243             
                      (          fbios.s):00244         
                      (          fbios.s):00245         * End of inline assembly.
                      (          fbios.s):00246         * Useless label L00010 removed
0044 39               (          fbios.s):00247                 RTS
                      (          fbios.s):00248         * END FUNCTION rtzDrive(): defined at fbios.c:156
     0045             (          fbios.s):00249         funcend_rtzDrive        EQU *
     0006             (          fbios.s):00250         funcsize_rtzDrive       EQU     funcend_rtzDrive-_rtzDrive
                      (          fbios.s):00251         _setDrive       EXPORT
                      (          fbios.s):00252         
                      (          fbios.s):00253         
                      (          fbios.s):00254         *******************************************************************************
                      (          fbios.s):00255         
                      (          fbios.s):00256         * FUNCTION setDrive(): defined at fbios.c:168
     0045             (          fbios.s):00257         _setDrive       EQU     *
                      (          fbios.s):00258         * Prototype: unsigned char setDrive(void *)
                      (          fbios.s):00259         * Assembly-only function.
                      (          fbios.s):00260         * Line fbios.c:169: inline assembly
                      (          fbios.s):00261         * Inline assembly:
                      (          fbios.s):00262         
                      (          fbios.s):00263         
0045 AE62             (          fbios.s):00264                     LDX 2,S ; load the drive address
0047 BDDE0C           (          fbios.s):00265                     JSR 0xDE0C ; call the set drive routine
                      (          fbios.s):00266         
                      (          fbios.s):00267                     ;; error code is already in B, which is conviently the return value location
                      (          fbios.s):00268             
                      (          fbios.s):00269         
                      (          fbios.s):00270         * End of inline assembly.
                      (          fbios.s):00271         * Useless label L00011 removed
004A 39               (          fbios.s):00272                 RTS
                      (          fbios.s):00273         * END FUNCTION setDrive(): defined at fbios.c:168
     004B             (          fbios.s):00274         funcend_setDrive        EQU *
     0006             (          fbios.s):00275         funcsize_setDrive       EQU     funcend_setDrive-_setDrive
                      (          fbios.s):00276         _chkDrive       EXPORT
                      (          fbios.s):00277         
                      (          fbios.s):00278         
                      (          fbios.s):00279         *******************************************************************************
                      (          fbios.s):00280         
                      (          fbios.s):00281         * FUNCTION chkDrive(): defined at fbios.c:179
     004B             (          fbios.s):00282         _chkDrive       EQU     *
                      (          fbios.s):00283         * Prototype: unsigned char chkDrive(void *)
                      (          fbios.s):00284         * Assembly-only function.
                      (          fbios.s):00285         * Line fbios.c:180: inline assembly
                      (          fbios.s):00286         * Inline assembly:
                      (          fbios.s):00287         
                      (          fbios.s):00288         
004B AE62             (          fbios.s):00289                     LDX 2,S ; load the drive address
004D BDDE0F           (          fbios.s):00290                     JSR 0xDE0F ; call the check drive routine
                      (          fbios.s):00291         
                      (          fbios.s):00292                     ;; error code is already in B, which is conviently the return value location
                      (          fbios.s):00293         
                      (          fbios.s):00294             
                      (          fbios.s):00295         
                      (          fbios.s):00296         * End of inline assembly.
                      (          fbios.s):00297         * Useless label L00012 removed
0050 39               (          fbios.s):00298                 RTS
                      (          fbios.s):00299         * END FUNCTION chkDrive(): defined at fbios.c:179
     0051             (          fbios.s):00300         funcend_chkDrive        EQU *
     0006             (          fbios.s):00301         funcsize_chkDrive       EQU     funcend_chkDrive-_chkDrive
                      (          fbios.s):00302         _quickCheckDrive        EXPORT
                      (          fbios.s):00303         
                      (          fbios.s):00304         
                      (          fbios.s):00305         *******************************************************************************
                      (          fbios.s):00306         
                      (          fbios.s):00307         * FUNCTION quickCheckDrive(): defined at fbios.c:190
     0051             (          fbios.s):00308         _quickCheckDrive        EQU     *
                      (          fbios.s):00309         * Prototype: unsigned char quickCheckDrive(void *)
                      (          fbios.s):00310         * Assembly-only function.
                      (          fbios.s):00311         * Line fbios.c:191: inline assembly
                      (          fbios.s):00312         * Inline assembly:
                      (          fbios.s):00313         
                      (          fbios.s):00314         
0051 AE62             (          fbios.s):00315                     LDX 2,S ; load the drive address
0053 BDDE12           (          fbios.s):00316                     JSR 0xDE12 ; call the quick check drive routine
                      (          fbios.s):00317         
                      (          fbios.s):00318                     ;; error code is already in B, which is conviently the return value location
                      (          fbios.s):00319             
                      (          fbios.s):00320         
                      (          fbios.s):00321         * End of inline assembly.
                      (          fbios.s):00322         * Useless label L00013 removed
0056 39               (          fbios.s):00323                 RTS
                      (          fbios.s):00324         * END FUNCTION quickCheckDrive(): defined at fbios.c:190
     0057             (          fbios.s):00325         funcend_quickCheckDrive EQU *
     0006             (          fbios.s):00326         funcsize_quickCheckDrive        EQU     funcend_quickCheckDrive-_quickCheckDrive
                      (          fbios.s):00327         _initDrive      EXPORT
                      (          fbios.s):00328         
                      (          fbios.s):00329         
                      (          fbios.s):00330         *******************************************************************************
                      (          fbios.s):00331         
                      (          fbios.s):00332         * FUNCTION initDrive(): defined at fbios.c:200
     0057             (          fbios.s):00333         _initDrive      EQU     *
                      (          fbios.s):00334         * Prototype: void initDrive(void)
                      (          fbios.s):00335         * Assembly-only function.
                      (          fbios.s):00336         * Line fbios.c:201: inline assembly
                      (          fbios.s):00337         * Inline assembly:
                      (          fbios.s):00338         
                      (          fbios.s):00339         
0057 BDDE15           (          fbios.s):00340                     JSR 0xDE15 ; call the initialize drive routine
                      (          fbios.s):00341             
                      (          fbios.s):00342         
                      (          fbios.s):00343         * End of inline assembly.
                      (          fbios.s):00344         * Useless label L00014 removed
005A 39               (          fbios.s):00345                 RTS
                      (          fbios.s):00346         * END FUNCTION initDrive(): defined at fbios.c:200
     005B             (          fbios.s):00347         funcend_initDrive       EQU *
     0004             (          fbios.s):00348         funcsize_initDrive      EQU     funcend_initDrive-_initDrive
                      (          fbios.s):00349         _warmDrive      EXPORT
                      (          fbios.s):00350         
                      (          fbios.s):00351         
                      (          fbios.s):00352         *******************************************************************************
                      (          fbios.s):00353         
                      (          fbios.s):00354         * FUNCTION warmDrive(): defined at fbios.c:207
     005B             (          fbios.s):00355         _warmDrive      EQU     *
                      (          fbios.s):00356         * Prototype: void warmDrive(void)
                      (          fbios.s):00357         * Assembly-only function.
                      (          fbios.s):00358         * Line fbios.c:208: inline assembly
                      (          fbios.s):00359         * Inline assembly:
                      (          fbios.s):00360         
                      (          fbios.s):00361         
005B BDDE18           (          fbios.s):00362                     JSR 0xDE18 ; call the warm start drive routine
                      (          fbios.s):00363             
                      (          fbios.s):00364         
                      (          fbios.s):00365         * End of inline assembly.
                      (          fbios.s):00366         * Useless label L00015 removed
005E 39               (          fbios.s):00367                 RTS
                      (          fbios.s):00368         * END FUNCTION warmDrive(): defined at fbios.c:207
     005F             (          fbios.s):00369         funcend_warmDrive       EQU *
     0004             (          fbios.s):00370         funcsize_warmDrive      EQU     funcend_warmDrive-_warmDrive
                      (          fbios.s):00371         _seekDrive      EXPORT
                      (          fbios.s):00372         
                      (          fbios.s):00373         
                      (          fbios.s):00374         *******************************************************************************
                      (          fbios.s):00375         
                      (          fbios.s):00376         * FUNCTION seekDrive(): defined at fbios.c:215
     005F             (          fbios.s):00377         _seekDrive      EQU     *
                      (          fbios.s):00378         * Prototype: unsigned char seekDrive(unsigned char, unsigned char)
                      (          fbios.s):00379         * Assembly-only function.
                      (          fbios.s):00380         * Line fbios.c:216: inline assembly
                      (          fbios.s):00381         * Inline assembly:
                      (          fbios.s):00382         
                      (          fbios.s):00383         
005F A663             (          fbios.s):00384                     LDA 3,S ; load the track number
0061 E665             (          fbios.s):00385                     LDB 5,S ; load the sector number
0063 BDDE1B           (          fbios.s):00386                     JSR 0xDE1B ; call the seek routine
                      (          fbios.s):00387         
                      (          fbios.s):00388                     ;; error code is already in B, which is conviently the return value location
                      (          fbios.s):00389             
                      (          fbios.s):00390         
                      (          fbios.s):00391         * End of inline assembly.
                      (          fbios.s):00392         * Useless label L00016 removed
0066 39               (          fbios.s):00393                 RTS
                      (          fbios.s):00394         * END FUNCTION seekDrive(): defined at fbios.c:215
     0067             (          fbios.s):00395         funcend_seekDrive       EQU *
     0008             (          fbios.s):00396         funcsize_seekDrive      EQU     funcend_seekDrive-_seekDrive
                      (          fbios.s):00397         
                      (          fbios.s):00398         
                      (          fbios.s):00399                 ENDSECTION
                      (          fbios.s):00400         
                      (          fbios.s):00401         
                      (          fbios.s):00402         
                      (          fbios.s):00403         
                      (          fbios.s):00404                 SECTION initgl
                      (          fbios.s):00405         
                      (          fbios.s):00406         
                      (          fbios.s):00407         
                      (          fbios.s):00408         
                      (          fbios.s):00409         *******************************************************************************
                      (          fbios.s):00410         
                      (          fbios.s):00411         * Initialize global variables.
                      (          fbios.s):00412         
                      (          fbios.s):00413         
                      (          fbios.s):00414                 ENDSECTION
                      (          fbios.s):00415         
                      (          fbios.s):00416         
                      (          fbios.s):00417         
                      (          fbios.s):00418         
                      (          fbios.s):00419                 SECTION rodata
                      (          fbios.s):00420         
                      (          fbios.s):00421         
     0000             (          fbios.s):00422         string_literals_start   EQU     *
     0000             (          fbios.s):00423         string_literals_end     EQU     *
                      (          fbios.s):00424         
                      (          fbios.s):00425         
                      (          fbios.s):00426         *******************************************************************************
                      (          fbios.s):00427         
                      (          fbios.s):00428         * READ-ONLY GLOBAL VARIABLES
                      (          fbios.s):00429         
                      (          fbios.s):00430         
                      (          fbios.s):00431                 ENDSECTION
                      (          fbios.s):00432         
                      (          fbios.s):00433         
                      (          fbios.s):00434         
                      (          fbios.s):00435         
                      (          fbios.s):00436                 SECTION rwdata
                      (          fbios.s):00437         
                      (          fbios.s):00438         
                      (          fbios.s):00439         * Statically-initialized global variables
                      (          fbios.s):00440         * Statically-initialized local static variables
                      (          fbios.s):00441         
                      (          fbios.s):00442         
                      (          fbios.s):00443                 ENDSECTION
                      (          fbios.s):00444         
                      (          fbios.s):00445         
                      (          fbios.s):00446         
                      (          fbios.s):00447         
                      (          fbios.s):00448                 SECTION bss
                      (          fbios.s):00449         
                      (          fbios.s):00450         
     0000             (          fbios.s):00451         bss_start       EQU     *
                      (          fbios.s):00452         * Uninitialized global variables
                      (          fbios.s):00453         * Uninitialized local static variables
     0000             (          fbios.s):00454         bss_end EQU     *
                      (          fbios.s):00455         
                      (          fbios.s):00456         
                      (          fbios.s):00457                 ENDSECTION
                      (          fbios.s):00458         
                      (          fbios.s):00459         
                      (          fbios.s):00460         
                      (          fbios.s):00461         
                      (          fbios.s):00462         *******************************************************************************
                      (          fbios.s):00463         
                      (          fbios.s):00464         * Importing 0 utility routine(s).
                      (          fbios.s):00465         
                      (          fbios.s):00466         
                      (          fbios.s):00467         *******************************************************************************
                      (          fbios.s):00468         
                      (          fbios.s):00469                 END
